/*
	Generated by DarkRadiant's Particle Editor.
*/
particle dm1_light1 { 
	{
		count 				8
		material 			particles/dm1/light1
		time 				2.000
		cycles 				0.000
		timeOffset 			0.000
		bunching 			0.000
		distribution 		rect 8.000 8.000 8.000
		direction 			cone 90.000
		orientation 		view
		speed 				"1.000" to "1.500"
		size 				"2.000"
		aspect 				"1.000"
		rotation 			"0.000"
		randomDistribution 	1
		boundsExpansion 	0.000
		fadeIn 				0.430
		fadeOut 			0.600
		fadeIndex 			0.820
		color 				1.000 1.000 1.000 1.000
		fadeColor 			0.000 0.000 0.000 0.000
		offset 				0.000 0.000 0.000
		gravity 			0.000
		entityColor 		1
	}
}


/*
	Generated by DarkRadiant's Particle Editor.
*/
particle dm1_dooropen { 
	{
		count 				4
		material 			particles/dm1/dooropen
		time 				0.500
		cycles 				0.000
		timeOffset 			0.000
		bunching 			1.000
		distribution 		rect 8.000 8.000 8.000
		direction 			cone 90.000
		orientation 		view
		speed 				"1.000" to "1.500"
		size 				"1.000"
		aspect 				"1.000"
		rotation 			"0.000"
		randomDistribution 	1
		boundsExpansion 	0.000
		fadeIn 				0.810
		fadeOut 			0.600
		fadeIndex 			0.820
		color 				1.000 1.000 1.000 1.000
		fadeColor 			0.000 0.000 0.000 0.000
		offset 				0.000 0.000 0.000
		gravity 			-1.000
	}
}


/*
	Generated by DarkRadiant's Particle Editor.
*/
particle dm1_fly { 
	{
		count 				4
		material 			particles/dm1/fly
		time 				2.000
		cycles 				0.000
		timeOffset 			0.000
		bunching 			0.000
		distribution 		rect 8.000 8.000 8.000
		direction 			cone 90.000
		orientation 		view
		speed 				"1.000" to "1.500"
		size 				"1.000"
		aspect 				"1.000"
		rotation 			"0.000"
		randomDistribution 	1
		boundsExpansion 	0.000
		fadeIn 				0.000
		fadeOut 			0.000
		fadeIndex 			0.000
		color 				1.000 1.000 1.000 1.000
		fadeColor 			0.000 0.000 0.000 0.000
		offset 				0.000 0.000 0.000
		gravity 			-0.500
		entityColor 		1
	}
}
