/*
	Generated by DarkRadiant's Particle Editor.
*/
particle dm5_rocket1 { 
	{
		count 				6
		material 			particles/dm5/rocket1
		time 				0.500
		cycles 				0.000
		timeOffset 			0.000
		bunching 			1.000
		distribution 		rect 0.000 0.000 0.000
		direction 			cone 90.000
		orientation 		view
		speed 				"30.000" to "40.000"
		size 				"120.000" to "80.000"
		aspect 				"1.000"
		rotation 			"0.000"
		randomDistribution 	1
		boundsExpansion 	0.000
		fadeIn 				1.000
		fadeOut 			1.000
		fadeIndex 			0.000
		color 				0.000 0.000 0.000 1.000
		fadeColor 			0.900 0.300 0.200 1.000
		offset 				0.000 0.000 0.000
		gravity 			999.000
	}
	{
		count 				6
		material 			particles/dm5/rocket1
		time 				0.400
		cycles 				0.000
		timeOffset 			0.000
		bunching 			1.000
		distribution 		rect 0.000 0.000 0.000
		direction 			cone 90.000
		orientation 		view
		speed 				"80.000" to "120.000"
		size 				"80.000" to "60.000"
		aspect 				"1.000"
		rotation 			"0.000"
		randomDistribution 	1
		boundsExpansion 	0.000
		fadeIn 				0.000
		fadeOut 			1.000
		fadeIndex 			0.000
		color 				0.000 0.000 0.000 1.000
		fadeColor 			0.900 0.300 0.300 1.000
		offset 				0.000 0.000 -70.000
		gravity 			999.000
	}
}


/*
	Generated by DarkRadiant's Particle Editor.
*/
particle dm5_rocket2 { 
	{
		count 				12
		material 			particles/dm5/rocket2
		time 				0.500
		cycles 				0.000
		timeOffset 			0.000
		bunching 			1.000
		distribution 		rect 0.000 0.000 0.000
		direction 			cone 90.000
		orientation 		view
		speed 				"25.000" to "34.000"
		size 				"100.000" to "60.000"
		aspect 				"1.000"
		rotation 			"0.000"
		randomDistribution 	0
		boundsExpansion 	0.000
		fadeIn 				0.000
		fadeOut 			1.000
		fadeIndex 			0.000
		color 				0.200 0.100 1.000 1.000
		fadeColor 			0.100 0.100 0.900 1.000
		offset 				0.000 0.000 0.000
		gravity 			999.000
	}
}
