/*
	Generated by DarkRadiant's Particle Editor.
*/
particle weapon_fists_burstysquirt { 
	{
		count 				1
		material 			particles/weapon_fists/fists_blood_drop1
		time 				1.500
		cycles 				0.000
		timeOffset 			0.000
		bunching 			0.000
		distribution 		rect 0.000 0.000 0.000
		direction 			cone 90.000
		orientation 		view
		speed 				"50.000"
		size 				"4.000" to "50.000"
		aspect 				"1.000"
		rotation 			"0.000"
		randomDistribution 	0
		boundsExpansion 	0.000
		fadeIn 				0.100
		fadeOut 			0.250
		fadeIndex 			0.000
		color 				1.000 1.000 1.000 1.000
		fadeColor 			0.000 0.000 0.000 0.000
		offset 				0.000 0.000 0.000
		gravity 			1.000
	}
}
