

/*
	Generated by DarkRadiant's Particle Editor.
*/
particle weapon_pistol_muzzlesmoke { 
	{
		count 				1
		material 			particles/weapon_pistol/pistol_m_smoke1
		time 				1.000
		cycles 				1.000
		deadTime 			1.000
		timeOffset 			0.000
		bunching 			0.000
		distribution 		rect 0.000 0.000 0.000
		direction 			cone 90.000
		orientation 		view
		speed 				"3.000" to "5.000"
		size 				"3.000" to "5.000"
		aspect 				"1.000"
		rotation 			"0.000"
		randomDistribution 	0
		boundsExpansion 	0.000
		fadeIn 				0.000
		fadeOut 			1.000
		fadeIndex 			1.000
		color 				1.000 1.000 1.000 1.000
		fadeColor 			0.000 0.000 0.000 0.000
		offset 				0.000 0.000 0.000
		gravity 			-5.000
	}
}


/*
	Generated by DarkRadiant's Particle Editor.
*/
particle weapon_pistol_smokeandspark { 
	{
		count 				1
		material 			particles/weapon_pistol/pistol_impact1
		time 				0.300
		cycles 				1.000
		timeOffset 			0.000
		bunching 			0.000
		distribution 		rect 0.000 0.000 0.000
		direction 			cone 90.000
		orientation 		view
		speed 				"0.000"
		size 				"16.000" to "32.000"
		aspect 				"1.000"
		rotation 			"0.000"
		randomDistribution 	0
		boundsExpansion 	0.000
		fadeIn 				0.000
		fadeOut 			1.000
		fadeIndex 			0.000
		color 				1.000 1.000 1.000 0.000
		fadeColor 			0.000 0.000 0.000 0.000
		offset 				0.000 0.000 0.000
		gravity 			0.000
	}
}

/*
	Generated by DarkRadiant's Particle Editor.
*/
particle weapon_pistol_burstysquirt { 
	{
		count 				10
		material 			particles/weapon_pistol/pistol_blood_drop1
		time 				1.000
		cycles 				1.000
		timeOffset 			0.000
		bunching 			1.000
		distribution 		rect 0.000 0.000 0.000
		direction 			cone 90.000
		orientation 		view
		speed 				"0.000" to "100.000"
		size 				"2.000" to "4.000"
		aspect 				"1.000"
		rotation 			"0.000"
		randomDistribution 	0
		boundsExpansion 	0.000
		fadeIn 				0.000
		fadeOut 			1.000
		fadeIndex 			0.000
		color 				1.000 1.000 1.000 1.000
		fadeColor 			0.000 0.000 0.000 0.000
		offset 				0.000 0.000 0.000
		gravity 			100.000
	}
}


/*
	Generated by DarkRadiant's Particle Editor.
*/
particle weapon_pistol_imp_none { 
	{
		count 				1
		material 			particles/weapon_pistol/imp_none
		time 				3.000
		cycles 				1.000
		timeOffset 			0.000
		bunching 			0.000
		distribution 		rect 0.000 0.000 0.000
		direction 			cone 90.000
		orientation 		view
		speed 				"0.000"
		size 				"0.000" to "10.000"
		aspect 				"1.000"
		rotation 			"0.000"
		randomDistribution 	1
		boundsExpansion 	0.000
		fadeIn 				0.100
		fadeOut 			0.250
		fadeIndex 			0.000
		color 				1.000 1.000 1.000 1.000
		fadeColor 			0.000 0.000 0.000 0.000
		offset 				0.000 0.000 0.000
		gravity 			0.000
	}
}


/*
	Generated by DarkRadiant's Particle Editor.
*/
particle weapon_pistol_imp_ricochet { 
	{
		count 				1
		material 			particles/weapon_pistol/imp_ricochet1
		time 				0.200
		cycles 				1.000
		timeOffset 			0.000
		bunching 			0.000
		distribution 		rect 0.000 0.000 0.000
		direction 			cone 90.000
		orientation 		view
		speed 				"0.000"
		size 				"0.000" to "6.000"
		aspect 				"1.000"
		rotation 			"0.000"
		randomDistribution 	1
		boundsExpansion 	0.000
		fadeIn 				0.100
		fadeOut 			0.250
		fadeIndex 			0.000
		color 				1.000 1.000 1.000 1.000
		fadeColor 			0.000 0.000 0.000 0.000
		offset 				0.000 0.000 0.000
		gravity 			0.000
	}
}


/*
	Generated by DarkRadiant's Particle Editor.
*/
particle weapon_pistol_imp_metal { 
	{
		count 				2
		material 			particles/weapon_pistol/imp_metal1
		time 				0.200
		cycles 				1.000
		timeOffset 			0.000
		bunching 			0.000
		distribution 		rect 0.000 0.000 0.000
		direction 			cone 90.000
		orientation 		view
		speed 				"0.000"
		size 				"0.000" to "6.000"
		aspect 				"1.000"
		rotation 			"0.000"
		randomDistribution 	1
		boundsExpansion 	0.000
		fadeIn 				0.100
		fadeOut 			0.250
		fadeIndex 			0.000
		color 				1.000 1.000 1.000 1.000
		fadeColor 			0.000 0.000 0.000 0.000
		offset 				0.000 0.000 0.000
		gravity 			0.000
	}
}


/*
	Generated by DarkRadiant's Particle Editor.
*/
particle weapon_pistol_imp_stone { 
	{
		count 				1
		material 			particles/weapon_pistol/imp_stone1
		time 				0.200
		cycles 				1.000
		timeOffset 			0.000
		bunching 			0.000
		distribution 		rect 0.000 0.000 0.000
		direction 			cone 90.000
		orientation 		view
		speed 				"0.000"
		size 				"0.000" to "6.000"
		aspect 				"1.000"
		rotation 			"0.000"
		randomDistribution 	1
		boundsExpansion 	0.000
		fadeIn 				0.100
		fadeOut 			0.250
		fadeIndex 			0.000
		color 				1.000 1.000 1.000 1.000
		fadeColor 			0.000 0.000 0.000 0.000
		offset 				0.000 0.000 0.000
		gravity 			0.000
	}
}


/*
	Generated by DarkRadiant's Particle Editor.
*/
particle weapon_pistol_imp_glass { 
	{
		count 				2
		material 			particles/weapon_pistol/imp_glass1
		time 				0.200
		cycles 				1.000
		timeOffset 			0.000
		bunching 			0.000
		distribution 		rect 0.000 0.000 0.000
		direction 			cone 90.000
		orientation 		view
		speed 				"0.000"
		size 				"0.000" to "6.000"
		aspect 				"1.000"
		rotation 			"0.000"
		randomDistribution 	1
		boundsExpansion 	0.000
		fadeIn 				0.100
		fadeOut 			0.250
		fadeIndex 			0.000
		color 				1.000 1.000 1.000 1.000
		fadeColor 			0.000 0.000 0.000 0.000
		offset 				0.000 0.000 0.000
		gravity 			0.000
	}
}


/*
	Generated by DarkRadiant's Particle Editor.
*/
particle weapon_pistol_imp_plastic { 
	{
		count 				1
		material 			particles/weapon_pistol/imp_plastic1
		time 				0.200
		cycles 				1.000
		timeOffset 			0.000
		bunching 			0.000
		distribution 		rect 0.000 0.000 0.000
		direction 			cone 90.000
		orientation 		view
		speed 				"0.000"
		size 				"0.000" to "6.000"
		aspect 				"1.000"
		rotation 			"0.000"
		randomDistribution 	1
		boundsExpansion 	0.000
		fadeIn 				0.100
		fadeOut 			0.250
		fadeIndex 			0.000
		color 				1.000 1.000 1.000 1.000
		fadeColor 			0.000 0.000 0.000 0.000
		offset 				0.000 0.000 0.000
		gravity 			0.000
	}
}


/*
	Generated by DarkRadiant's Particle Editor.
*/
particle weapon_pistol_imp_wood { 
	{
		count 				2
		material 			particles/weapon_pistol/imp_wood1
		time 				0.200
		cycles 				1.000
		timeOffset 			0.000
		bunching 			0.000
		distribution 		rect 0.500 0.500 0.500
		direction 			cone 90.000
		orientation 		view
		speed 				"0.000"
		size 				"0.000" to "1.000"
		aspect 				"1.000"
		rotation 			"0.000"
		randomDistribution 	1
		boundsExpansion 	0.000
		fadeIn 				0.100
		fadeOut 			0.250
		fadeIndex 			0.000
		color 				1.000 1.000 1.000 1.000
		fadeColor 			0.000 0.000 0.000 0.000
		offset 				0.000 0.000 0.000
		gravity 			0.000
	}
	{
		count 				1
		material 			particles/weapon_pistol/imp_wood1
		time 				0.300
		cycles 				1.000
		timeOffset 			0.000
		bunching 			0.000
		distribution 		rect 0.000 0.000 0.000
		direction 			cone 90.000
		orientation 		z
		speed 				"0.000"
		size 				"0.500" to "2.000"
		aspect 				"1.000"
		rotation 			"0.000"
		randomDistribution 	1
		boundsExpansion 	0.000
		fadeIn 				0.100
		fadeOut 			0.250
		fadeIndex 			0.000
		color 				1.000 1.000 1.000 1.000
		fadeColor 			0.000 0.000 0.000 0.000
		offset 				0.000 0.000 0.000
		gravity 			0.000
	}
	{
		count 				8
		material 			particles/weapon_pistol/imp_wood1
		time 				0.200
		cycles 				1.000
		timeOffset 			0.000
		bunching 			0.000
		distribution 		rect 2.000 2.000 2.000
		direction 			cone 90.000
		orientation 		view
		speed 				"40.000" to "35.000"
		size 				"1.000"
		aspect 				"1.000"
		rotation 			"0.000"
		randomDistribution 	1
		boundsExpansion 	0.000
		fadeIn 				0.000
		fadeOut 			0.000
		fadeIndex 			0.000
		color 				1.000 1.000 1.000 1.000
		fadeColor 			0.000 0.000 0.000 0.000
		offset 				0.000 0.000 0.000
		gravity 			0.000
	}
}


/*
	Generated by DarkRadiant's Particle Editor.
*/
particle weapon_pistol_imp_cardboard { 
	{
		count 				3
		material 			particles/weapon_pistol/imp_cardboard1
		time 				0.200
		cycles 				1.000
		timeOffset 			0.000
		bunching 			0.000
		distribution 		rect 0.000 0.000 0.000
		direction 			cone 90.000
		orientation 		view
		speed 				"0.000"
		size 				"0.000" to "4.000"
		aspect 				"1.000"
		rotation 			"0.000"
		randomDistribution 	1
		boundsExpansion 	0.000
		fadeIn 				0.100
		fadeOut 			0.250
		fadeIndex 			0.000
		color 				1.000 1.000 1.000 1.000
		fadeColor 			0.000 0.000 0.000 0.000
		offset 				0.000 0.000 0.000
		gravity 			0.000
	}
}


/*
	Generated by DarkRadiant's Particle Editor.
*/
particle weapon_pistol_imp_liquid { 
	{
		count 				1
		material 			particles/weapon_pistol/imp_liquid1
		time 				0.200
		cycles 				1.000
		timeOffset 			0.000
		bunching 			0.000
		distribution 		rect 0.000 0.000 0.000
		direction 			cone 90.000
		orientation 		view
		speed 				"0.000"
		size 				"0.000" to "6.000"
		aspect 				"1.000"
		rotation 			"0.000"
		randomDistribution 	1
		boundsExpansion 	0.000
		fadeIn 				0.100
		fadeOut 			0.250
		fadeIndex 			0.000
		color 				1.000 1.000 1.000 1.000
		fadeColor 			0.000 0.000 0.000 0.000
		offset 				0.000 0.000 0.000
		gravity 			0.000
	}
}


/*
	Generated by DarkRadiant's Particle Editor.
*/
particle weapon_pistol_imp_flesh { 
	{
		count 				2
		material 			particles/weapon_pistol/imp_flesh1
		time 				0.200
		cycles 				1.000
		timeOffset 			0.000
		bunching 			0.000
		distribution 		rect 0.000 0.000 0.000
		direction 			cone 90.000
		orientation 		view
		speed 				"0.000"
		size 				"0.000" to "4.000"
		aspect 				"1.000"
		rotation 			"0.000"
		randomDistribution 	1
		boundsExpansion 	0.000
		fadeIn 				0.100
		fadeOut 			0.250
		fadeIndex 			0.000
		color 				1.000 1.000 1.000 1.000
		fadeColor 			0.000 0.000 0.000 0.000
		offset 				0.000 0.000 0.000
		gravity 			0.000
	}
}
