

/*
	Generated by DarkRadiant's Particle Editor.
*/
particle weapon_sg_muzzlesmoke { 
	{
		count 				1
		material 			particles/weapon_sg/sg_m_smoke1
		time 				0.600
		cycles 				1.000
		timeOffset 			0.000
		bunching 			0.000
		distribution 		rect 0.000 0.000 0.000
		direction 			cone 90.000
		orientation 		view
		speed 				"0.000" to "10.000"
		size 				"0.000" to "6.000"
		aspect 				"1.000"
		rotation 			"0.000"
		randomDistribution 	0
		boundsExpansion 	0.000
		fadeIn 				0.000
		fadeOut 			1.000
		fadeIndex 			0.000
		color 				1.000 1.000 1.000 1.000
		fadeColor 			0.000 0.000 0.000 0.000
		offset 				0.000 0.000 0.000
		gravity 			0.000
	}
}


/*
	Generated by DarkRadiant's Particle Editor.
*/
particle weapon_sg_burstysquirt { 
	{
		count 				20
		material 			particles/weapon_sg/sg_blood_drop1
		time 				0.500
		cycles 				0.000
		timeOffset 			0.000
		bunching 			1.000
		distribution 		rect 0.000 0.000 0.000
		direction 			cone 90.000
		orientation 		view
		speed 				"0.000" to "10.000"
		size 				"4.000"
		aspect 				"1.000"
		rotation 			"0.000"
		randomDistribution 	0
		boundsExpansion 	0.000
		fadeIn 				0.100
		fadeOut 			0.250
		fadeIndex 			0.000
		color 				1.000 1.000 1.000 1.000
		fadeColor 			0.000 0.000 0.000 0.000
		offset 				0.000 0.000 0.000
		gravity 			50.000
	}
}

/*
	Generated by DarkRadiant's Particle Editor.
*/
particle weapon_sg_smokeandspark { 
	{
		count 				1
		material 			particles/weapon_sg/sg_impact1
		time 				0.400
		cycles 				1.000
		timeOffset 			0.000
		bunching 			0.000
		distribution 		rect 0.000 0.000 0.000
		direction 			cone 90.000
		orientation 		view
		speed 				"0.000" to "2.000"
		size 				"1.000" to "6.000"
		aspect 				"1.000"
		rotation 			"0.000"
		randomDistribution 	0
		boundsExpansion 	0.000
		fadeIn 				1.000
		fadeOut 			1.000
		fadeIndex 			0.000
		color 				1.000 1.000 1.000 1.000
		fadeColor 			0.000 0.000 0.000 0.000
		offset 				0.000 0.000 0.000
		gravity 			0.000
	}
}
