

/*
	Generated by DarkRadiant's Particle Editor.
*/
particle weapon_grenade_explosion { 
	{
		count 				1
		material 			particles/weapon_grenade/grenade_explosion1
		time 				0.400
		cycles 				1.000
		timeOffset 			0.000
		bunching 			0.000
		distribution 		rect 8.000 8.000 8.000
		direction 			outward 0.000
		orientation 		view
		speed 				"50.000" to "150.000"
		size 				"50.000" to "150.000"
		aspect 				"1.000"
		rotation 			"0.000"
		randomDistribution 	1
		boundsExpansion 	0.000
		fadeIn 				0.000
		fadeOut 			1.000
		fadeIndex 			0.000
		color 				1.000 1.000 1.000 1.000
		fadeColor 			0.000 0.000 0.000 0.000
		offset 				0.000 0.000 0.000
		gravity 			1.000
	}
	{
		count 				4
		material 			particles/weapon_grenade/grenade_explosion2
		time 				1.200
		cycles 				1.000
		timeOffset 			0.000
		bunching 			0.000
		distribution 		rect 8.000 8.000 0.000
		direction 			cone 90.000
		orientation 		view
		speed 				"50.000" to "150.000"
		size 				"16.000" to "64.000"
		aspect 				"1.000"
		rotation 			"0.000"
		randomDistribution 	0
		boundsExpansion 	0.000
		fadeIn 				1.000
		fadeOut 			1.000
		fadeIndex 			0.000
		color 				1.000 1.000 1.000 1.000
		fadeColor 			0.000 0.000 0.000 0.000
		offset 				0.000 0.000 0.000
		gravity 			world -13.000
	}
	{
		count 				1
		material 			particles/weapon_grenade/grenade_explosion3
		time 				0.700
		cycles 				1.000
		timeOffset 			0.000
		bunching 			0.000
		distribution 		rect 0.000 0.000 0.000
		direction 			cone 90.000
		orientation 		view
		speed 				"0.000"
		size 				"100.000" to "300.000"
		aspect 				"1.000"
		rotation 			"0.000"
		randomDistribution 	0
		boundsExpansion 	0.000
		fadeIn 				0.100
		fadeOut 			0.250
		fadeIndex 			0.000
		color 				1.000 1.000 1.000 1.000
		fadeColor 			0.000 0.000 0.000 0.000
		offset 				0.000 0.000 0.000
		gravity 			1.000
	}
	{
		count 				30
		material 			particles/weapon_grenade/grenade_spark1
		time 				1.000
		cycles 				1.000
		timeOffset 			0.000
		bunching 			0.000
		distribution 		rect 0.300 0.300 0.000
		direction 			cone 76.500
		orientation 		view
		speed 				"200.000" to "50.000"
		size 				"4.000" to "6.000"
		aspect 				"1.000"
		rotation 			"0.000"
		randomDistribution 	0
		boundsExpansion 	0.000
		fadeIn 				0.100
		fadeOut 			0.640
		fadeIndex 			0.000
		color 				1.000 1.000 1.000 1.000
		fadeColor 			0.000 0.000 0.000 0.000
		offset 				0.000 0.000 0.000
		gravity 			27.400
	}
}


/*
	Generated by DarkRadiant's Particle Editor.
*/
particle weapon_grenade_bloodwound { 
	{
		count 				1
		material 			particles/weapon_grenade/grenade_wound1
		time 				1.000
		cycles 				0.000
		timeOffset 			0.000
		bunching 			0.000
		distribution 		rect 0.000 0.000 0.000
		direction 			cone 90.000
		orientation 		view
		speed 				"50.000"
		size 				"4.000" to "50.000"
		aspect 				"1.000"
		rotation 			"0.000"
		randomDistribution 	0
		boundsExpansion 	0.000
		fadeIn 				0.100
		fadeOut 			0.250
		fadeIndex 			0.000
		color 				1.000 1.000 1.000 1.000
		fadeColor 			0.000 0.000 0.000 0.000
		offset 				0.000 0.000 0.000
		gravity 			1.000
	}
}


/*
	Generated by DarkRadiant's Particle Editor.
*/


/*
	Generated by DarkRadiant's Particle Editor.
*/
particle weapon_grenade_trail { 
	{
		count 				4
		material 			particles/weapon_grenade/grenade_trail1
		time 				0.500
		cycles 				0.000
		timeOffset 			0.000
		bunching 			1.000
		distribution 		rect 8.000 8.000 8.000
		direction 			cone 90.000
		orientation 		view
		speed 				"4.000"
		size 				"4.000" to "32.000"
		aspect 				"1.000"
		rotation 			"0.000"
		randomDistribution 	0
		boundsExpansion 	0.000
		fadeIn 				1.000
		fadeOut 			1.000
		fadeIndex 			0.000
		color 				1.000 1.000 1.000 1.000
		fadeColor 			0.000 0.000 0.000 0.000
		offset 				0.000 0.000 0.000
		gravity 			1.000
	}
}
