

/*
	Generated by DarkRadiant's Particle Editor.
*/
particle weapon_flashlight_burstysquirt { 
	{
		count 				100
		material 			particles/weapon_pistol/pistol_blood_drop1
		time 				1.500
		cycles 				0.000
		timeOffset 			0.000
		bunching 			1.000
		distribution 		rect 8.000 8.000 8.000
		direction 			cone 90.000
		orientation 		view
		speed 				"150.000"
		size 				"4.000"
		aspect 				"1.000"
		rotation 			"0.000"
		randomDistribution 	1
		boundsExpansion 	0.000
		fadeIn 				0.100
		fadeOut 			0.250
		fadeIndex 			0.000
		color 				1.000 1.000 1.000 1.000
		fadeColor 			0.000 0.000 0.000 0.000
		offset 				0.000 0.000 0.000
		gravity 			1.000
	}
}
